<?xml version="1.0" encoding="UTF-8"?>
<testsuite name="LineTest" tests="5" skipped="0" failures="0" errors="0" timestamp="2022-03-18T17:32:30" hostname="mbp-de-romeo.umons.ac.be" time="0.006">
  <properties/>
  <testcase name="test_inOpenNegativeHalfSpace()" classname="LineTest" time="0.001"/>
  <testcase name="test_intersection()" classname="LineTest" time="0.001"/>
  <testcase name="test_getNormalVector()" classname="LineTest" time="0.001"/>
  <testcase name="test_getDirectorVector()" classname="LineTest" time="0.001"/>
  <testcase name="test_isContained()" classname="LineTest" time="0.0"/>
  <system-out><![CDATA[]]></system-out>
  <system-err><![CDATA[]]></system-err>
</testsuite>
