<?xml version="1.0" encoding="UTF-8"?>
<testsuite name="VectorTest" tests="5" skipped="0" failures="0" errors="0" timestamp="2022-03-18T17:32:30" hostname="mbp-de-romeo.umons.ac.be" time="0.005">
  <properties/>
  <testcase name="test_opposite()" classname="VectorTest" time="0.001"/>
  <testcase name="test_norm()" classname="VectorTest" time="0.001"/>
  <testcase name="test_sum()" classname="VectorTest" time="0.001"/>
  <testcase name="test_multiplyByScalar()" classname="VectorTest" time="0.001"/>
  <testcase name="test_difference()" classname="VectorTest" time="0.001"/>
  <system-out><![CDATA[]]></system-out>
  <system-err><![CDATA[]]></system-err>
</testsuite>
